四月 07, 2021 3:37:56 下午 org.apache.catalina.startup.VersionLoggerListener log
信息: Server.服务器版本: Apache Tomcat/7.0.108
四月 07, 2021 3:37:56 下午 org.apache.catalina.startup.VersionLoggerListener log
信息: 服务器构建:        Jan 28 2021 09:12:57 UTC
四月 07, 2021 3:37:56 下午 org.apache.catalina.startup.VersionLoggerListener log
信息: 服务器版本号:      7.0.108.0
四月 07, 2021 3:37:56 下午 org.apache.catalina.startup.VersionLoggerListener log
信息: 操作系统名称:      Windows 10
四月 07, 2021 3:37:56 下午 org.apache.catalina.startup.VersionLoggerListener log
信息: OS.版本:           10.0
四月 07, 2021 3:37:56 下午 org.apache.catalina.startup.VersionLoggerListener log
信息: 架构:              amd64
四月 07, 2021 3:37:56 下午 org.apache.catalina.startup.VersionLoggerListener log
信息: Java 环境变量:     D:\java\jdk1.8.0_131\jre
四月 07, 2021 3:37:56 下午 org.apache.catalina.startup.VersionLoggerListener log
信息: Java虚拟机版本:    1.8.0_131-b11
四月 07, 2021 3:37:56 下午 org.apache.catalina.startup.VersionLoggerListener log
信息: JVM.供应商:        Oracle Corporation
四月 07, 2021 3:37:56 下午 org.apache.catalina.startup.VersionLoggerListener log
信息: CATALINA_BASE:     D:/sun/apache-tomcat-7.0.108
四月 07, 2021 3:37:56 下午 org.apache.catalina.startup.VersionLoggerListener log
信息: CATALINA_HOME:     D:/sun/apache-tomcat-7.0.108
四月 07, 2021 3:37:56 下午 org.apache.catalina.startup.VersionLoggerListener log
信息: 命令行参数：       -Djava.util.logging.config.file=D:/sun/apache-tomcat-7.0.108/conf/logging.properties
四月 07, 2021 3:37:56 下午 org.apache.catalina.startup.VersionLoggerListener log
信息: 命令行参数：       -Djava.util.logging.manager=org.apache.juli.ClassLoaderLogManager
四月 07, 2021 3:37:56 下午 org.apache.catalina.startup.VersionLoggerListener log
信息: 命令行参数：       -Djdk.tls.ephemeralDHKeySize=2048
四月 07, 2021 3:37:56 下午 org.apache.catalina.startup.VersionLoggerListener log
信息: 命令行参数：       -Dorg.apache.catalina.security.SecurityListener.UMASK=0027
四月 07, 2021 3:37:56 下午 org.apache.catalina.startup.VersionLoggerListener log
信息: 命令行参数：       -Dignore.endorsed.dirs=
四月 07, 2021 3:37:56 下午 org.apache.catalina.startup.VersionLoggerListener log
信息: 命令行参数：       -Dcatalina.base=D:/sun/apache-tomcat-7.0.108
四月 07, 2021 3:37:56 下午 org.apache.catalina.startup.VersionLoggerListener log
信息: 命令行参数：       -Dcatalina.home=D:/sun/apache-tomcat-7.0.108
四月 07, 2021 3:37:56 下午 org.apache.catalina.startup.VersionLoggerListener log
信息: 命令行参数：       -Djava.io.tmpdir=D:/sun/apache-tomcat-7.0.108/temp
四月 07, 2021 3:37:56 下午 org.apache.catalina.core.AprLifecycleListener lifecycleEvent
信息: 在java.library.path:[D:\java\jdk1.8.0_131\bin;C:\WINDOWS\Sun\Java\bin;C:\WINDOWS\system32;C:\WINDOWS;C:\Users\豆豆\bin;C:\Program Files\Git\mingw64\bin;C:\Program Files\Git\usr\local\bin;C:\Program Files\Git\usr\bin;C:\Program Files\Git\usr\bin;C:\Program Files\Git\mingw64\bin;C:\Program Files\Git\usr\bin;C:\Users\豆豆\bin;D:\Program Files (x86)\VMware\VMware Workstation\bin;C:\ProgramData\Oracle\Java\javapath;C:\Program Files\NVIDIA GPU Computing Toolkit\CUDA\v8.0\bin;C:\Program Files\NVIDIA GPU Computing Toolkit\CUDA\v8.0\libnvvp;C:\WINDOWS\system32;C:\WINDOWS;C:\WINDOWS\System32\Wbem;C:\WINDOWS\System32\WindowsPowerShell\v1.0;C:\WINDOWS\System32\OpenSSH;C:\Program Files\Git\cmd;.;D:\java\jdk1.8.0_131\bin";D:\python\Anaconda;D:\python\Anaconda\Library\bin;D:\python\Anaconda\Scripts;C:\Program Files\dotnet;C:\WINDOWS\system32;C:\WINDOWS;C:\WINDOWS\System32\Wbem;C:\WINDOWS\System32\WindowsPowerShell\v1.0;C:\WINDOWS\System32\OpenSSH;D:\java\scala-2.11.8\bin;C:\Program Files\MySQL\MySQL Server 8.0\bin;C:\Users\豆豆\AppData\Local\Microsoft\WindowsApps;C:\Users\豆豆\.dotnet\tools;D:\Program Files\JetBrains\IntelliJ IDEA Community Edition 2020.3\bin;D:\Program Files\JetBrains\IntelliJ IDEA 2020.3\bin;D:\Program Files\Microsoft VS Code\bin;C:\Program Files\Git\usr\bin\vendor_perl;C:\Program Files\Git\usr\bin\core_perl;.]上找不到基于APR的Apache Tomcat本机库，该库允许在生产环境中获得最佳性能
四月 07, 2021 3:37:56 下午 org.apache.coyote.AbstractProtocol init
信息: 初始化协议处理器 ["http-bio-8080"]
四月 07, 2021 3:37:56 下午 org.apache.coyote.AbstractProtocol init
严重: Failed to initialize end point associated with ProtocolHandler ["http-bio-8080"]
java.net.BindException: Address already in use: JVM_Bind <null>:8080
	at org.apache.tomcat.util.net.JIoEndpoint.bind(JIoEndpoint.java:414)
	at org.apache.tomcat.util.net.AbstractEndpoint.init(AbstractEndpoint.java:750)
	at org.apache.coyote.AbstractProtocol.init(AbstractProtocol.java:467)
	at org.apache.coyote.http11.AbstractHttp11JsseProtocol.init(AbstractHttp11JsseProtocol.java:119)
	at org.apache.catalina.connector.Connector.initInternal(Connector.java:1030)
	at org.apache.catalina.util.LifecycleBase.init(LifecycleBase.java:136)
	at org.apache.catalina.core.StandardService.initInternal(StandardService.java:560)
	at org.apache.catalina.util.LifecycleBase.init(LifecycleBase.java:136)
	at org.apache.catalina.core.StandardServer.initInternal(StandardServer.java:826)
	at org.apache.catalina.util.LifecycleBase.init(LifecycleBase.java:136)
	at org.apache.catalina.startup.Catalina.load(Catalina.java:663)
	at org.apache.catalina.startup.Catalina.load(Catalina.java:686)
	at sun.reflect.NativeMethodAccessorImpl.invoke0(Native Method)
	at sun.reflect.NativeMethodAccessorImpl.invoke(NativeMethodAccessorImpl.java:62)
	at sun.reflect.DelegatingMethodAccessorImpl.invoke(DelegatingMethodAccessorImpl.java:43)
	at java.lang.reflect.Method.invoke(Method.java:498)
	at org.apache.catalina.startup.Bootstrap.load(Bootstrap.java:244)
	at org.apache.catalina.startup.Bootstrap.main(Bootstrap.java:414)
Caused by: java.net.BindException: Address already in use: JVM_Bind
	at java.net.DualStackPlainSocketImpl.bind0(Native Method)
	at java.net.DualStackPlainSocketImpl.socketBind(DualStackPlainSocketImpl.java:106)
	at java.net.AbstractPlainSocketImpl.bind(AbstractPlainSocketImpl.java:387)
	at java.net.PlainSocketImpl.bind(PlainSocketImpl.java:190)
	at java.net.ServerSocket.bind(ServerSocket.java:375)
	at java.net.ServerSocket.<init>(ServerSocket.java:237)
	at java.net.ServerSocket.<init>(ServerSocket.java:181)
	at org.apache.tomcat.util.net.DefaultServerSocketFactory.createSocket(DefaultServerSocketFactory.java:49)
	at org.apache.tomcat.util.net.JIoEndpoint.bind(JIoEndpoint.java:401)
	... 17 more

四月 07, 2021 3:37:56 下午 org.apache.catalina.core.StandardService initInternal
严重: Failed to initialize connector [Connector[HTTP/1.1-8080]]
org.apache.catalina.LifecycleException: 协议处理程序初始化失败
	at org.apache.catalina.connector.Connector.initInternal(Connector.java:1032)
	at org.apache.catalina.util.LifecycleBase.init(LifecycleBase.java:136)
	at org.apache.catalina.core.StandardService.initInternal(StandardService.java:560)
	at org.apache.catalina.util.LifecycleBase.init(LifecycleBase.java:136)
	at org.apache.catalina.core.StandardServer.initInternal(StandardServer.java:826)
	at org.apache.catalina.util.LifecycleBase.init(LifecycleBase.java:136)
	at org.apache.catalina.startup.Catalina.load(Catalina.java:663)
	at org.apache.catalina.startup.Catalina.load(Catalina.java:686)
	at sun.reflect.NativeMethodAccessorImpl.invoke0(Native Method)
	at sun.reflect.NativeMethodAccessorImpl.invoke(NativeMethodAccessorImpl.java:62)
	at sun.reflect.DelegatingMethodAccessorImpl.invoke(DelegatingMethodAccessorImpl.java:43)
	at java.lang.reflect.Method.invoke(Method.java:498)
	at org.apache.catalina.startup.Bootstrap.load(Bootstrap.java:244)
	at org.apache.catalina.startup.Bootstrap.main(Bootstrap.java:414)
Caused by: java.net.BindException: Address already in use: JVM_Bind <null>:8080
	at org.apache.tomcat.util.net.JIoEndpoint.bind(JIoEndpoint.java:414)
	at org.apache.tomcat.util.net.AbstractEndpoint.init(AbstractEndpoint.java:750)
	at org.apache.coyote.AbstractProtocol.init(AbstractProtocol.java:467)
	at org.apache.coyote.http11.AbstractHttp11JsseProtocol.init(AbstractHttp11JsseProtocol.java:119)
	at org.apache.catalina.connector.Connector.initInternal(Connector.java:1030)
	... 13 more
Caused by: java.net.BindException: Address already in use: JVM_Bind
	at java.net.DualStackPlainSocketImpl.bind0(Native Method)
	at java.net.DualStackPlainSocketImpl.socketBind(DualStackPlainSocketImpl.java:106)
	at java.net.AbstractPlainSocketImpl.bind(AbstractPlainSocketImpl.java:387)
	at java.net.PlainSocketImpl.bind(PlainSocketImpl.java:190)
	at java.net.ServerSocket.bind(ServerSocket.java:375)
	at java.net.ServerSocket.<init>(ServerSocket.java:237)
	at java.net.ServerSocket.<init>(ServerSocket.java:181)
	at org.apache.tomcat.util.net.DefaultServerSocketFactory.createSocket(DefaultServerSocketFactory.java:49)
	at org.apache.tomcat.util.net.JIoEndpoint.bind(JIoEndpoint.java:401)
	... 17 more

四月 07, 2021 3:37:56 下午 org.apache.catalina.startup.Catalina load
信息: Initialization processed in 1027 ms
四月 07, 2021 3:37:56 下午 org.apache.catalina.core.StandardService startInternal
信息: 正在启动服务[Catalina]
四月 07, 2021 3:37:56 下午 org.apache.catalina.core.StandardEngine startInternal
信息: Starting Servlet Engine: Apache Tomcat/7.0.108
四月 07, 2021 3:37:56 下午 org.apache.catalina.startup.HostConfig deployDirectory
信息: 把web 应用程序部署到目录 [D:\sun\apache-tomcat-7.0.108\webapps\docs]
四月 07, 2021 3:37:57 下午 org.apache.catalina.util.SessionIdGeneratorBase createSecureRandom
警告: 使用[SHA1PRNG]创建会话ID生成的SecureRandom实例花费了[476]毫秒。
四月 07, 2021 3:37:58 下午 org.apache.catalina.startup.HostConfig deployDirectory
信息: Web应用程序目录[D:\sun\apache-tomcat-7.0.108\webapps\docs]的部署已在[1,301]毫秒内完成
四月 07, 2021 3:37:58 下午 org.apache.catalina.startup.HostConfig deployDirectory
信息: 把web 应用程序部署到目录 [D:\sun\apache-tomcat-7.0.108\webapps\examples]
四月 07, 2021 3:37:58 下午 org.apache.catalina.startup.VersionLoggerListener log
信息: Server.服务器版本: Apache Tomcat/7.0.108
四月 07, 2021 3:37:58 下午 org.apache.catalina.startup.VersionLoggerListener log
信息: 服务器构建:        Jan 28 2021 09:12:57 UTC
四月 07, 2021 3:37:58 下午 org.apache.catalina.startup.VersionLoggerListener log
信息: 服务器版本号:      7.0.108.0
四月 07, 2021 3:37:58 下午 org.apache.catalina.startup.VersionLoggerListener log
信息: 操作系统名称:      Windows 10
四月 07, 2021 3:37:58 下午 org.apache.catalina.startup.VersionLoggerListener log
信息: OS.版本:           10.0
四月 07, 2021 3:37:58 下午 org.apache.catalina.startup.VersionLoggerListener log
信息: 架构:              amd64
四月 07, 2021 3:37:58 下午 org.apache.catalina.startup.VersionLoggerListener log
信息: Java 环境变量:     D:\java\jdk1.8.0_131\jre
四月 07, 2021 3:37:58 下午 org.apache.catalina.startup.VersionLoggerListener log
信息: Java虚拟机版本:    1.8.0_131-b11
四月 07, 2021 3:37:58 下午 org.apache.catalina.startup.VersionLoggerListener log
信息: JVM.供应商:        Oracle Corporation
四月 07, 2021 3:37:58 下午 org.apache.catalina.startup.VersionLoggerListener log
信息: CATALINA_BASE:     D:\sun\apache-tomcat-7.0.108
四月 07, 2021 3:37:58 下午 org.apache.catalina.startup.VersionLoggerListener log
信息: CATALINA_HOME:     D:\sun\apache-tomcat-7.0.108
四月 07, 2021 3:37:58 下午 org.apache.catalina.startup.VersionLoggerListener log
信息: 命令行参数：       -Djava.util.logging.config.file=D:\sun\apache-tomcat-7.0.108\conf\logging.properties
四月 07, 2021 3:37:58 下午 org.apache.catalina.startup.VersionLoggerListener log
信息: 命令行参数：       -Djava.util.logging.manager=org.apache.juli.ClassLoaderLogManager
四月 07, 2021 3:37:58 下午 org.apache.catalina.startup.VersionLoggerListener log
信息: 命令行参数：       -Djdk.tls.ephemeralDHKeySize=2048
四月 07, 2021 3:37:58 下午 org.apache.catalina.startup.VersionLoggerListener log
信息: 命令行参数：       -Dignore.endorsed.dirs=
四月 07, 2021 3:37:58 下午 org.apache.catalina.startup.VersionLoggerListener log
信息: 命令行参数：       -Dcatalina.base=D:\sun\apache-tomcat-7.0.108
四月 07, 2021 3:37:58 下午 org.apache.catalina.startup.VersionLoggerListener log
信息: 命令行参数：       -Dcatalina.home=D:\sun\apache-tomcat-7.0.108
四月 07, 2021 3:37:58 下午 org.apache.catalina.startup.VersionLoggerListener log
信息: 命令行参数：       -Djava.io.tmpdir=D:\sun\apache-tomcat-7.0.108\temp
四月 07, 2021 3:37:58 下午 org.apache.catalina.core.AprLifecycleListener lifecycleEvent
信息: 在java.library.path:[D:\java\jdk1.8.0_131\bin;C:\WINDOWS\Sun\Java\bin;C:\WINDOWS\system32;C:\WINDOWS;D:\Program Files (x86)\VMware\VMware Workstation\bin\;C:\ProgramData\Oracle\Java\javapath;C:\Program Files\NVIDIA GPU Computing Toolkit\CUDA\v8.0\bin;C:\Program Files\NVIDIA GPU Computing Toolkit\CUDA\v8.0\libnvvp;C:\WINDOWS\system32;C:\WINDOWS;C:\WINDOWS\System32\Wbem;C:\WINDOWS\System32\WindowsPowerShell\v1.0\;C:\WINDOWS\System32\OpenSSH\;C:\Program Files\Git\cmd;";D:\java\jdk1.8.0_131\bin";D:\python\Anaconda;D:\python\Anaconda\Library\bin;D:\python\Anaconda\Scripts;C:\Program Files\dotnet\;C:\WINDOWS\system32;C:\WINDOWS;C:\WINDOWS\System32\Wbem;C:\WINDOWS\System32\WindowsPowerShell\v1.0\;C:\WINDOWS\System32\OpenSSH\;D:\java\scala-2.11.8\bin;C:\Program Files\MySQL\MySQL Server 8.0\bin;C:\Users\豆豆\AppData\Local\Microsoft\WindowsApps;C:\Users\豆豆\.dotnet\tools;;D:\Program Files\JetBrains\IntelliJ IDEA Community Edition 2020.3\bin;;D:\Program Files\JetBrains\IntelliJ IDEA 2020.3\bin;;D:\Program Files\Microsoft VS Code\bin;.]上找不到基于APR的Apache Tomcat本机库，该库允许在生产环境中获得最佳性能
四月 07, 2021 3:37:58 下午 org.apache.coyote.AbstractProtocol init
信息: 初始化协议处理器 ["http-bio-8080"]
四月 07, 2021 3:37:58 下午 org.apache.coyote.AbstractProtocol init
严重: Failed to initialize end point associated with ProtocolHandler ["http-bio-8080"]
java.net.BindException: Address already in use: JVM_Bind <null>:8080
	at org.apache.tomcat.util.net.JIoEndpoint.bind(JIoEndpoint.java:414)
	at org.apache.tomcat.util.net.AbstractEndpoint.init(AbstractEndpoint.java:750)
	at org.apache.coyote.AbstractProtocol.init(AbstractProtocol.java:467)
	at org.apache.coyote.http11.AbstractHttp11JsseProtocol.init(AbstractHttp11JsseProtocol.java:119)
	at org.apache.catalina.connector.Connector.initInternal(Connector.java:1030)
	at org.apache.catalina.util.LifecycleBase.init(LifecycleBase.java:136)
	at org.apache.catalina.core.StandardService.initInternal(StandardService.java:560)
	at org.apache.catalina.util.LifecycleBase.init(LifecycleBase.java:136)
	at org.apache.catalina.core.StandardServer.initInternal(StandardServer.java:826)
	at org.apache.catalina.util.LifecycleBase.init(LifecycleBase.java:136)
	at org.apache.catalina.startup.Catalina.load(Catalina.java:663)
	at org.apache.catalina.startup.Catalina.load(Catalina.java:686)
	at sun.reflect.NativeMethodAccessorImpl.invoke0(Native Method)
	at sun.reflect.NativeMethodAccessorImpl.invoke(NativeMethodAccessorImpl.java:62)
	at sun.reflect.DelegatingMethodAccessorImpl.invoke(DelegatingMethodAccessorImpl.java:43)
	at java.lang.reflect.Method.invoke(Method.java:498)
	at org.apache.catalina.startup.Bootstrap.load(Bootstrap.java:244)
	at org.apache.catalina.startup.Bootstrap.main(Bootstrap.java:414)
Caused by: java.net.BindException: Address already in use: JVM_Bind
	at java.net.DualStackPlainSocketImpl.bind0(Native Method)
	at java.net.DualStackPlainSocketImpl.socketBind(DualStackPlainSocketImpl.java:106)
	at java.net.AbstractPlainSocketImpl.bind(AbstractPlainSocketImpl.java:387)
	at java.net.PlainSocketImpl.bind(PlainSocketImpl.java:190)
	at java.net.ServerSocket.bind(ServerSocket.java:375)
	at java.net.ServerSocket.<init>(ServerSocket.java:237)
	at java.net.ServerSocket.<init>(ServerSocket.java:181)
	at org.apache.tomcat.util.net.DefaultServerSocketFactory.createSocket(DefaultServerSocketFactory.java:49)
	at org.apache.tomcat.util.net.JIoEndpoint.bind(JIoEndpoint.java:401)
	... 17 more

四月 07, 2021 3:37:58 下午 org.apache.catalina.core.StandardService initInternal
严重: Failed to initialize connector [Connector[HTTP/1.1-8080]]
org.apache.catalina.LifecycleException: 协议处理程序初始化失败
	at org.apache.catalina.connector.Connector.initInternal(Connector.java:1032)
	at org.apache.catalina.util.LifecycleBase.init(LifecycleBase.java:136)
	at org.apache.catalina.core.StandardService.initInternal(StandardService.java:560)
	at org.apache.catalina.util.LifecycleBase.init(LifecycleBase.java:136)
	at org.apache.catalina.core.StandardServer.initInternal(StandardServer.java:826)
	at org.apache.catalina.util.LifecycleBase.init(LifecycleBase.java:136)
	at org.apache.catalina.startup.Catalina.load(Catalina.java:663)
	at org.apache.catalina.startup.Catalina.load(Catalina.java:686)
	at sun.reflect.NativeMethodAccessorImpl.invoke0(Native Method)
	at sun.reflect.NativeMethodAccessorImpl.invoke(NativeMethodAccessorImpl.java:62)
	at sun.reflect.DelegatingMethodAccessorImpl.invoke(DelegatingMethodAccessorImpl.java:43)
	at java.lang.reflect.Method.invoke(Method.java:498)
	at org.apache.catalina.startup.Bootstrap.load(Bootstrap.java:244)
	at org.apache.catalina.startup.Bootstrap.main(Bootstrap.java:414)
Caused by: java.net.BindException: Address already in use: JVM_Bind <null>:8080
	at org.apache.tomcat.util.net.JIoEndpoint.bind(JIoEndpoint.java:414)
	at org.apache.tomcat.util.net.AbstractEndpoint.init(AbstractEndpoint.java:750)
	at org.apache.coyote.AbstractProtocol.init(AbstractProtocol.java:467)
	at org.apache.coyote.http11.AbstractHttp11JsseProtocol.init(AbstractHttp11JsseProtocol.java:119)
	at org.apache.catalina.connector.Connector.initInternal(Connector.java:1030)
	... 13 more
Caused by: java.net.BindException: Address already in use: JVM_Bind
	at java.net.DualStackPlainSocketImpl.bind0(Native Method)
	at java.net.DualStackPlainSocketImpl.socketBind(DualStackPlainSocketImpl.java:106)
	at java.net.AbstractPlainSocketImpl.bind(AbstractPlainSocketImpl.java:387)
	at java.net.PlainSocketImpl.bind(PlainSocketImpl.java:190)
	at java.net.ServerSocket.bind(ServerSocket.java:375)
	at java.net.ServerSocket.<init>(ServerSocket.java:237)
	at java.net.ServerSocket.<init>(ServerSocket.java:181)
	at org.apache.tomcat.util.net.DefaultServerSocketFactory.createSocket(DefaultServerSocketFactory.java:49)
	at org.apache.tomcat.util.net.JIoEndpoint.bind(JIoEndpoint.java:401)
	... 17 more

四月 07, 2021 3:37:58 下午 org.apache.catalina.startup.Catalina load
信息: Initialization processed in 1144 ms
四月 07, 2021 3:37:58 下午 org.apache.catalina.core.StandardService startInternal
信息: 正在启动服务[Catalina]
四月 07, 2021 3:37:58 下午 org.apache.catalina.core.StandardEngine startInternal
信息: Starting Servlet Engine: Apache Tomcat/7.0.108
四月 07, 2021 3:37:58 下午 org.apache.catalina.startup.HostConfig deployDirectory
信息: 把web 应用程序部署到目录 [D:\sun\apache-tomcat-7.0.108\webapps\docs]
四月 07, 2021 3:37:59 下午 org.apache.catalina.util.SessionIdGeneratorBase createSecureRandom
警告: 使用[SHA1PRNG]创建会话ID生成的SecureRandom实例花费了[419]毫秒。
四月 07, 2021 3:37:59 下午 org.apache.catalina.startup.HostConfig deployDirectory
信息: Web应用程序目录[D:\sun\apache-tomcat-7.0.108\webapps\docs]的部署已在[974]毫秒内完成
四月 07, 2021 3:37:59 下午 org.apache.catalina.startup.HostConfig deployDirectory
信息: 把web 应用程序部署到目录 [D:\sun\apache-tomcat-7.0.108\webapps\examples]
四月 07, 2021 3:38:00 下午 org.apache.catalina.startup.HostConfig deployDirectory
信息: Web应用程序目录[D:\sun\apache-tomcat-7.0.108\webapps\examples]的部署已在[2,293]毫秒内完成
四月 07, 2021 3:38:00 下午 org.apache.catalina.startup.HostConfig deployDirectory
信息: 把web 应用程序部署到目录 [D:\sun\apache-tomcat-7.0.108\webapps\host-manager]
四月 07, 2021 3:38:00 下午 org.apache.catalina.startup.HostConfig deployDirectory
信息: Web应用程序目录[D:\sun\apache-tomcat-7.0.108\webapps\host-manager]的部署已在[357]毫秒内完成
四月 07, 2021 3:38:00 下午 org.apache.catalina.startup.HostConfig deployDirectory
信息: 把web 应用程序部署到目录 [D:\sun\apache-tomcat-7.0.108\webapps\manager]
四月 07, 2021 3:38:00 下午 org.apache.catalina.startup.HostConfig deployDirectory
信息: Web应用程序目录[D:\sun\apache-tomcat-7.0.108\webapps\examples]的部署已在[948]毫秒内完成
四月 07, 2021 3:38:00 下午 org.apache.catalina.startup.HostConfig deployDirectory
信息: 把web 应用程序部署到目录 [D:\sun\apache-tomcat-7.0.108\webapps\host-manager]
四月 07, 2021 3:38:00 下午 org.apache.catalina.startup.HostConfig deployDirectory
信息: Web应用程序目录[D:\sun\apache-tomcat-7.0.108\webapps\manager]的部署已在[243]毫秒内完成
四月 07, 2021 3:38:00 下午 org.apache.catalina.startup.HostConfig deployDirectory
信息: 把web 应用程序部署到目录 [D:\sun\apache-tomcat-7.0.108\webapps\ROOT]
四月 07, 2021 3:38:01 下午 org.apache.catalina.startup.HostConfig deployDirectory
信息: Web应用程序目录[D:\sun\apache-tomcat-7.0.108\webapps\host-manager]的部署已在[165]毫秒内完成
四月 07, 2021 3:38:01 下午 org.apache.catalina.startup.HostConfig deployDirectory
信息: 把web 应用程序部署到目录 [D:\sun\apache-tomcat-7.0.108\webapps\manager]
四月 07, 2021 3:38:01 下午 org.apache.catalina.startup.HostConfig deployDirectory
信息: Web应用程序目录[D:\sun\apache-tomcat-7.0.108\webapps\manager]的部署已在[129]毫秒内完成
四月 07, 2021 3:38:01 下午 org.apache.catalina.startup.HostConfig deployDirectory
信息: 把web 应用程序部署到目录 [D:\sun\apache-tomcat-7.0.108\webapps\ROOT]
四月 07, 2021 3:38:01 下午 org.apache.catalina.startup.HostConfig deployDirectory
信息: Web应用程序目录[D:\sun\apache-tomcat-7.0.108\webapps\ROOT]的部署已在[169]毫秒内完成
四月 07, 2021 3:38:01 下午 org.apache.catalina.startup.Catalina start
信息: Server startup in 4456 ms
四月 07, 2021 3:38:01 下午 org.apache.catalina.core.StandardServer await
严重: StandardServer.await: create[localhost:8005]: 
java.net.BindException: Address already in use: JVM_Bind
	at java.net.DualStackPlainSocketImpl.bind0(Native Method)
	at java.net.DualStackPlainSocketImpl.socketBind(DualStackPlainSocketImpl.java:106)
	at java.net.AbstractPlainSocketImpl.bind(AbstractPlainSocketImpl.java:387)
	at java.net.PlainSocketImpl.bind(PlainSocketImpl.java:190)
	at java.net.ServerSocket.bind(ServerSocket.java:375)
	at java.net.ServerSocket.<init>(ServerSocket.java:237)
	at org.apache.catalina.core.StandardServer.await(StandardServer.java:428)
	at org.apache.catalina.startup.Catalina.await(Catalina.java:800)
	at org.apache.catalina.startup.Catalina.start(Catalina.java:746)
	at sun.reflect.NativeMethodAccessorImpl.invoke0(Native Method)
	at sun.reflect.NativeMethodAccessorImpl.invoke(NativeMethodAccessorImpl.java:62)
	at sun.reflect.DelegatingMethodAccessorImpl.invoke(DelegatingMethodAccessorImpl.java:43)
	at java.lang.reflect.Method.invoke(Method.java:498)
	at org.apache.catalina.startup.Bootstrap.start(Bootstrap.java:284)
	at org.apache.catalina.startup.Bootstrap.main(Bootstrap.java:415)

四月 07, 2021 3:38:01 下午 org.apache.coyote.AbstractProtocol pause
信息: 暂停ProtocolHandler["http-bio-8080"]
四月 07, 2021 3:38:01 下午 org.apache.catalina.core.StandardService stopInternal
信息: 正在停止服务[Catalina]
四月 07, 2021 3:38:01 下午 org.apache.coyote.AbstractProtocol stop
信息: 正在停止ProtocolHandler ["http-bio-8080"]
四月 07, 2021 3:38:01 下午 org.apache.coyote.AbstractProtocol destroy
信息: 正在摧毁协议处理器 ["http-bio-8080"]
四月 07, 2021 3:38:01 下午 org.apache.catalina.startup.HostConfig deployDirectory
信息: Web应用程序目录[D:\sun\apache-tomcat-7.0.108\webapps\ROOT]的部署已在[116]毫秒内完成
四月 07, 2021 3:38:01 下午 org.apache.catalina.startup.Catalina start
信息: Server startup in 2497 ms
四月 07, 2021 3:38:01 下午 org.apache.catalina.core.StandardServer await
严重: StandardServer.await: create[localhost:8005]: 
java.net.BindException: Address already in use: JVM_Bind
	at java.net.DualStackPlainSocketImpl.bind0(Native Method)
	at java.net.DualStackPlainSocketImpl.socketBind(DualStackPlainSocketImpl.java:106)
	at java.net.AbstractPlainSocketImpl.bind(AbstractPlainSocketImpl.java:387)
	at java.net.PlainSocketImpl.bind(PlainSocketImpl.java:190)
	at java.net.ServerSocket.bind(ServerSocket.java:375)
	at java.net.ServerSocket.<init>(ServerSocket.java:237)
	at org.apache.catalina.core.StandardServer.await(StandardServer.java:428)
	at org.apache.catalina.startup.Catalina.await(Catalina.java:800)
	at org.apache.catalina.startup.Catalina.start(Catalina.java:746)
	at sun.reflect.NativeMethodAccessorImpl.invoke0(Native Method)
	at sun.reflect.NativeMethodAccessorImpl.invoke(NativeMethodAccessorImpl.java:62)
	at sun.reflect.DelegatingMethodAccessorImpl.invoke(DelegatingMethodAccessorImpl.java:43)
	at java.lang.reflect.Method.invoke(Method.java:498)
	at org.apache.catalina.startup.Bootstrap.start(Bootstrap.java:284)
	at org.apache.catalina.startup.Bootstrap.main(Bootstrap.java:415)

四月 07, 2021 3:38:01 下午 org.apache.coyote.AbstractProtocol pause
信息: 暂停ProtocolHandler["http-bio-8080"]
四月 07, 2021 3:38:01 下午 org.apache.catalina.core.StandardService stopInternal
信息: 正在停止服务[Catalina]
四月 07, 2021 3:38:01 下午 org.apache.coyote.AbstractProtocol stop
信息: 正在停止ProtocolHandler ["http-bio-8080"]
四月 07, 2021 3:38:01 下午 org.apache.coyote.AbstractProtocol destroy
信息: 正在摧毁协议处理器 ["http-bio-8080"]
